\BOOKMARK [0][-]{chapter.1}{Quick start}{}% 1
\BOOKMARK [1][-]{section.1.1}{Installation}{chapter.1}% 2
\BOOKMARK [1][-]{section.1.2}{Configuration}{chapter.1}% 3
\BOOKMARK [1][-]{section.1.3}{Usage of SAlomeTools}{chapter.1}% 4
\BOOKMARK [0][-]{chapter.2}{List of Commands}{}% 5
\BOOKMARK [1][-]{section.2.1}{Command config}{chapter.2}% 6
\BOOKMARK [1][-]{section.2.2}{Command prepare}{chapter.2}% 7
\BOOKMARK [1][-]{section.2.3}{Command compile}{chapter.2}% 8
\BOOKMARK [1][-]{section.2.4}{Command launcher}{chapter.2}% 9
\BOOKMARK [1][-]{section.2.5}{Command application}{chapter.2}% 10
\BOOKMARK [1][-]{section.2.6}{Command log}{chapter.2}% 11
\BOOKMARK [1][-]{section.2.7}{Command environ}{chapter.2}% 12
\BOOKMARK [1][-]{section.2.8}{Command clean}{chapter.2}% 13
\BOOKMARK [1][-]{section.2.9}{Command package}{chapter.2}% 14
\BOOKMARK [1][-]{section.2.10}{Command generate}{chapter.2}% 15
\BOOKMARK [0][-]{chapter.3}{Developer documentation}{}% 16
\BOOKMARK [1][-]{section.3.1}{Add a user custom command}{chapter.3}% 17
\BOOKMARK [0][-]{chapter.4}{Code documentation}{}% 18
\BOOKMARK [1][-]{section.4.1}{src}{chapter.4}% 19
\BOOKMARK [0][-]{chapter.5}{Release Notes}{}% 20
\BOOKMARK [1][-]{section.5.1}{Release notes}{chapter.5}% 21
\BOOKMARK [0][-]{section*.532}{Python Module Index}{}% 22
\BOOKMARK [0][-]{section*.533}{Index}{}% 23
